Using pre-set license
Built from '2021.1/staging' branch; Version is '2021.1.6f1 (c0fade0cc7e9) revision 12647134'; Using compiler version '192528614'; Build Type 'Release'
OS: 'Windows 10 Pro; OS build 22000.795; Version 2009; 64bit' Language: 'ru' Physical Memory: 16260 MB
BatchMode: 1, IsHumanControllingUs: 0, StartBugReporterOnCrash: 0, Is64bit: 1, IsPro: 0

 COMMAND LINE ARGUMENTS:
C:\Program Files\Unity\Hub\Editor\2021.1.6f1\Editor\Unity.exe
-adb2
-batchMode
-noUpm
-name
AssetImportWorker0
-projectPath
C:/Users/pozhi/Documents/Clicker Game
-logFile
Logs/AssetImportWorker0.log
-srvPort
62324
Successfully changed project path to: C:/Users/pozhi/Documents/Clicker Game
C:/Users/pozhi/Documents/Clicker Game
Using Asset Import Pipeline V2.
Unable to join player connection multicast group.

Unable to join player connection alternative multicast group.

Refreshing native plugins compatible for Editor in 77.52 ms, found 1 plugins.
Preloading 0 native plugins for Editor in 0.00 ms.
Initialize engine version: 2021.1.6f1 (c0fade0cc7e9)
[Subsystems] Discovering subsystems at path C:/Program Files/Unity/Hub/Editor/2021.1.6f1/Editor/Data/Resources/UnitySubsystems
[Subsystems] Discovering subsystems at path C:/Users/pozhi/Documents/Clicker Game/Assets
GfxDevice: creating device client; threaded=0; jobified=0
Direct3D:
    Version:  Direct3D 11.0 [level 11.1]
    Renderer: NVIDIA GeForce RTX 2070 (ID=0x1f02)
    Vendor:   NVIDIA
    VRAM:     8031 MB
    Driver:   30.0.15.1215
Initialize mono
Mono path[0] = 'C:/Program Files/Unity/Hub/Editor/2021.1.6f1/Editor/Data/Managed'
Mono path[1] = 'C:/Program Files/Unity/Hub/Editor/2021.1.6f1/Editor/Data/MonoBleedingEdge/lib/mono/unityjit'
Mono config path = 'C:/Program Files/Unity/Hub/Editor/2021.1.6f1/Editor/Data/MonoBleedingEdge/etc'
Using monoOptions --debugger-agent=transport=dt_socket,embedding=1,server=y,suspend=n,address=127.0.0.1:56472
Begin MonoManager ReloadAssembly
Registering precompiled unity dll's ...
Register platform support module: C:/Program Files/Unity/Hub/Editor/2021.1.6f1/Editor/Data/PlaybackEngines/WindowsStandaloneSupport/UnityEditor.WindowsStandalone.Extensions.dll
Registered in 0.001343 seconds.
Native extension for WindowsStandalone target not found
Refreshing native plugins compatible for Editor in 79.19 ms, found 1 plugins.
Preloading 0 native plugins for Editor in 0.00 ms.
Mono: successfully reloaded assembly
- Completed reload, in  1.424 seconds
Platform modules already initialized, skipping
Registering precompiled user dll's ...
Registered in 0.002736 seconds.
Begin MonoManager ReloadAssembly
Native extension for WindowsStandalone target not found
Refreshing native plugins compatible for Editor in 0.49 ms, found 1 plugins.
Preloading 0 native plugins for Editor in 0.00 ms.
Mono: successfully reloaded assembly
- Completed reload, in  0.989 seconds
Platform modules already initialized, skipping
========================================================================
Worker process is ready to serve import requests
Launched and connected shader compiler UnityShaderCompiler.exe after 0.04 seconds
Refreshing native plugins compatible for Editor in 0.56 ms, found 1 plugins.
Preloading 0 native plugins for Editor in 0.00 ms.
Unloading 2724 Unused Serialized files (Serialized files now loaded: 0)
System memory in use before: 101.8 MB.
System memory in use after: 102.0 MB.

Unloading 14 unused Assets to reduce memory usage. Loaded Objects now: 3177.
Total: 1.968900 ms (FindLiveObjects: 0.192400 ms CreateObjectMapping: 0.105100 ms MarkObjects: 1.619800 ms  DeleteObjects: 0.050900 ms)

========================================================================
Received Import Request.
  path: Assets/Materials/roundRect.png
  artifactKey: Guid(a74dacc9bfcf47749a8630eac3456429) Importer(815301076,1909f56bfc062723c751e8b465ee728b)
Start importing Assets/Materials/roundRect.png using Guid(a74dacc9bfcf47749a8630eac3456429) Importer(815301076,1909f56bfc062723c751e8b465ee728b)  -> (artifact id: 'c441da859c5158c6503a4a1e9da833e8') in 0.108111 seconds 
========================================================================
Received Import Request.
  Time since last request: 0.000281 seconds.
  path: Assets/Materials/star.png
  artifactKey: Guid(929b54ef59aaeba4a9807a6ef928457b) Importer(815301076,1909f56bfc062723c751e8b465ee728b)
Start importing Assets/Materials/star.png using Guid(929b54ef59aaeba4a9807a6ef928457b) Importer(815301076,1909f56bfc062723c751e8b465ee728b)  -> (artifact id: 'e99a44ff3263adbf8a0498a41acd1ed8') in 0.015359 seconds 
========================================================================
Received Import Request.
  Time since last request: 0.000272 seconds.
  path: Assets/Prefabs/Rabbit_Yellow.prefab
  artifactKey: Guid(2a4adfdefdadd7048a18bb7e7cc5b23b) Importer(815301076,1909f56bfc062723c751e8b465ee728b)
Start importing Assets/Prefabs/Rabbit_Yellow.prefab using Guid(2a4adfdefdadd7048a18bb7e7cc5b23b) Importer(815301076,1909f56bfc062723c751e8b465ee728b)  -> (artifact id: 'ba48b9a4d6ee6c7d9f734fce651ab9db') in 0.094518 seconds 
========================================================================
Received Import Request.
  Time since last request: 0.000255 seconds.
  path: Assets/Materials/cross.png
  artifactKey: Guid(321d8291ab2c6cb4b81d3dda37a91ef6) Importer(815301076,1909f56bfc062723c751e8b465ee728b)
Start importing Assets/Materials/cross.png using Guid(321d8291ab2c6cb4b81d3dda37a91ef6) Importer(815301076,1909f56bfc062723c751e8b465ee728b)  -> (artifact id: 'f75ff1ad8daafb8a3bfd8bcfe4e7f85d') in 0.016213 seconds 
========================================================================
Received Import Request.
  Time since last request: 0.000253 seconds.
  path: Assets/Materials/home.png
  artifactKey: Guid(dc4bc33d52db40c42bcafbcf6d63ca8a) Importer(815301076,1909f56bfc062723c751e8b465ee728b)
Start importing Assets/Materials/home.png using Guid(dc4bc33d52db40c42bcafbcf6d63ca8a) Importer(815301076,1909f56bfc062723c751e8b465ee728b)  -> (artifact id: '8b9e6bc37d81c965422646e07bda22a2') in 0.016469 seconds 
========================================================================
Received Import Request.
  Time since last request: 0.000258 seconds.
  path: Assets/Prefabs/Slime_Yellow.prefab
  artifactKey: Guid(529296adea5f8bb4581e098f98e62549) Importer(815301076,1909f56bfc062723c751e8b465ee728b)
Start importing Assets/Prefabs/Slime_Yellow.prefab using Guid(529296adea5f8bb4581e098f98e62549) Importer(815301076,1909f56bfc062723c751e8b465ee728b)  -> (artifact id: '517580e5a5681af7cc8705aede24eefd') in 0.015669 seconds 
========================================================================
Received Import Request.
  Time since last request: 0.000217 seconds.
  path: Assets/Materials/pause.png
  artifactKey: Guid(07eca9a1a43b8cd4cbfd05ec7eacf695) Importer(815301076,1909f56bfc062723c751e8b465ee728b)
Start importing Assets/Materials/pause.png using Guid(07eca9a1a43b8cd4cbfd05ec7eacf695) Importer(815301076,1909f56bfc062723c751e8b465ee728b)  -> (artifact id: '65023c427469093884f743bea59b3a42') in 0.019177 seconds 
========================================================================
Received Import Request.
  Time since last request: 0.000311 seconds.
  path: Assets/Prefabs/Ghost_Brown.prefab
  artifactKey: Guid(47228d4b7bdfaa94fbf70257eaa459a1) Importer(815301076,1909f56bfc062723c751e8b465ee728b)
Start importing Assets/Prefabs/Ghost_Brown.prefab using Guid(47228d4b7bdfaa94fbf70257eaa459a1) Importer(815301076,1909f56bfc062723c751e8b465ee728b)  -> (artifact id: '96321d4f443e6f1edc9ee861dcb04382') in 0.049418 seconds 
========================================================================
Received Import Request.
  Time since last request: 0.000200 seconds.
  path: Assets/Materials/FS000_Day_06.mat
  artifactKey: Guid(123caa41e84e041d0bd65bb3ae888dd1) Importer(815301076,1909f56bfc062723c751e8b465ee728b)
Start importing Assets/Materials/FS000_Day_06.mat using Guid(123caa41e84e041d0bd65bb3ae888dd1) Importer(815301076,1909f56bfc062723c751e8b465ee728b)  -> (artifact id: '71e6da16893e75fcc7d5c072104e72ec') in 0.057035 seconds 
========================================================================
Received Import Request.
  Time since last request: 0.000199 seconds.
  path: Assets/Prefabs/Blur.prefab
  artifactKey: Guid(9a75f7edda5781c4ba819ad869e54af8) Importer(815301076,1909f56bfc062723c751e8b465ee728b)
Start importing Assets/Prefabs/Blur.prefab using Guid(9a75f7edda5781c4ba819ad869e54af8) Importer(815301076,1909f56bfc062723c751e8b465ee728b)  -> (artifact id: '3ea287a153611e6c75d0abc4eb430139') in 0.016376 seconds 
========================================================================
Received Import Request.
  Time since last request: 0.000279 seconds.
  path: Assets/Prefabs/Rabbit_Green.prefab
  artifactKey: Guid(0f21afde7a41dfb4e930ca290ca46dee) Importer(815301076,1909f56bfc062723c751e8b465ee728b)
Start importing Assets/Prefabs/Rabbit_Green.prefab using Guid(0f21afde7a41dfb4e930ca290ca46dee) Importer(815301076,1909f56bfc062723c751e8b465ee728b)  -> (artifact id: '95c1ae4d7562f303bafefc23d6878e96') in 0.019082 seconds 
========================================================================
Received Import Request.
  Time since last request: 0.000203 seconds.
  path: Assets/Prefabs/Ghost_Violet.prefab
  artifactKey: Guid(30d420b7cf5d3ad40b5c02db6d73287a) Importer(815301076,1909f56bfc062723c751e8b465ee728b)
Start importing Assets/Prefabs/Ghost_Violet.prefab using Guid(30d420b7cf5d3ad40b5c02db6d73287a) Importer(815301076,1909f56bfc062723c751e8b465ee728b)  -> (artifact id: 'e878e8462542f515edfb5b05bdd93b28') in 0.020371 seconds 
========================================================================
Received Import Request.
  Time since last request: 0.000297 seconds.
  path: Assets/Materials/left.png
  artifactKey: Guid(fb4fddf2c378ae647ae205d38ba835b9) Importer(815301076,1909f56bfc062723c751e8b465ee728b)
Start importing Assets/Materials/left.png using Guid(fb4fddf2c378ae647ae205d38ba835b9) Importer(815301076,1909f56bfc062723c751e8b465ee728b)  -> (artifact id: '8f0e55c50f6ff161614015185c80a3f9') in 0.015390 seconds 
========================================================================
Received Import Request.
  Time since last request: 0.000411 seconds.
  path: Assets/Prefabs/Rabbit_Red.prefab
  artifactKey: Guid(c334a7c41936e764391ae93ab0e1981d) Importer(815301076,1909f56bfc062723c751e8b465ee728b)
Start importing Assets/Prefabs/Rabbit_Red.prefab using Guid(c334a7c41936e764391ae93ab0e1981d) Importer(815301076,1909f56bfc062723c751e8b465ee728b)  -> (artifact id: '76f2ae0d402675a310f03d9476a409eb') in 0.017218 seconds 
========================================================================
Received Import Request.
  Time since last request: 0.000201 seconds.
  path: Assets/Prefabs/Ghost_Green.prefab
  artifactKey: Guid(e067a1df356d3e84bb3f15113b018f67) Importer(815301076,1909f56bfc062723c751e8b465ee728b)
Start importing Assets/Prefabs/Ghost_Green.prefab using Guid(e067a1df356d3e84bb3f15113b018f67) Importer(815301076,1909f56bfc062723c751e8b465ee728b)  -> (artifact id: '73367c1ecec246ac8d4693de052d3a64') in 0.020564 seconds 
========================================================================
Received Import Request.
  Time since last request: 0.000256 seconds.
  path: Assets/Prefabs/Health bar.prefab
  artifactKey: Guid(9b6ff5086b9caa94d97272f70b87d2db) Importer(815301076,1909f56bfc062723c751e8b465ee728b)
Start importing Assets/Prefabs/Health bar.prefab using Guid(9b6ff5086b9caa94d97272f70b87d2db) Importer(815301076,1909f56bfc062723c751e8b465ee728b)  -> (artifact id: 'f1760f921e5d02823a250178c9841b40') in 0.205991 seconds 
========================================================================
Received Import Request.
  Time since last request: 0.000259 seconds.
  path: Assets/Materials/info.png
  artifactKey: Guid(953e21da8e9ad1f4c9df15470e4856d2) Importer(815301076,1909f56bfc062723c751e8b465ee728b)
Start importing Assets/Materials/info.png using Guid(953e21da8e9ad1f4c9df15470e4856d2) Importer(815301076,1909f56bfc062723c751e8b465ee728b)  -> (artifact id: '960a6fc88834a3b9bbcf6721434e9f37') in 0.014982 seconds 
========================================================================
Received Import Request.
  Time since last request: 0.000285 seconds.
  path: Assets/Prefabs/Rabbit_Cyan.prefab
  artifactKey: Guid(f3e92f0e6c7c8724b98eded63b438981) Importer(815301076,1909f56bfc062723c751e8b465ee728b)
Start importing Assets/Prefabs/Rabbit_Cyan.prefab using Guid(f3e92f0e6c7c8724b98eded63b438981) Importer(815301076,1909f56bfc062723c751e8b465ee728b)  -> (artifact id: '108b4ef3a122e2630a559b612b552304') in 0.019531 seconds 
========================================================================
Received Import Request.
  Time since last request: 0.000268 seconds.
  path: Assets/Prefabs/Slime_Green.prefab
  artifactKey: Guid(9c8e6b52a146b2d4994f42592a19bba0) Importer(815301076,1909f56bfc062723c751e8b465ee728b)
Start importing Assets/Prefabs/Slime_Green.prefab using Guid(9c8e6b52a146b2d4994f42592a19bba0) Importer(815301076,1909f56bfc062723c751e8b465ee728b)  -> (artifact id: '164d03b98c48b599eda8369e43014bab') in 0.017452 seconds 
========================================================================
Received Import Request.
  Time since last request: 0.000262 seconds.
  path: Assets/Prefabs/Slime_Blue.prefab
  artifactKey: Guid(9aad9de7cbca6d84b82891c3a1e63e34) Importer(815301076,1909f56bfc062723c751e8b465ee728b)
Start importing Assets/Prefabs/Slime_Blue.prefab using Guid(9aad9de7cbca6d84b82891c3a1e63e34) Importer(815301076,1909f56bfc062723c751e8b465ee728b)  -> (artifact id: '85da242e995c13c7871ce067de11408a') in 0.016531 seconds 
========================================================================
Received Import Request.
  Time since last request: 0.000280 seconds.
  path: Assets/Prefabs/Slime_Red.prefab
  artifactKey: Guid(1ce05a9bb8cf8c34890ad308705a8ca4) Importer(815301076,1909f56bfc062723c751e8b465ee728b)
Start importing Assets/Prefabs/Slime_Red.prefab using Guid(1ce05a9bb8cf8c34890ad308705a8ca4) Importer(815301076,1909f56bfc062723c751e8b465ee728b)  -> (artifact id: 'd6438bc9dc4e0fdeab7cc9ae2143f61f') in 0.018385 seconds 
========================================================================
Received Import Request.
  Time since last request: 0.000376 seconds.
  path: Assets/Materials/yes-tic.png
  artifactKey: Guid(f4cb417d1cba28d4d911cc35d2a19d64) Importer(815301076,1909f56bfc062723c751e8b465ee728b)
Start importing Assets/Materials/yes-tic.png using Guid(f4cb417d1cba28d4d911cc35d2a19d64) Importer(815301076,1909f56bfc062723c751e8b465ee728b)  -> (artifact id: '150d4e2e12800f85de842324f568a7bf') in 0.013701 seconds 
========================================================================
Received Import Request.
  Time since last request: 0.000296 seconds.
  path: Assets/Materials/Directional Light.prefab
  artifactKey: Guid(4d38a521897d99b46a2e50817fdcd9b1) Importer(815301076,1909f56bfc062723c751e8b465ee728b)
Start importing Assets/Materials/Directional Light.prefab using Guid(4d38a521897d99b46a2e50817fdcd9b1) Importer(815301076,1909f56bfc062723c751e8b465ee728b)  -> (artifact id: '90a177a48ec5fa1fe274979e4b43dc23') in 0.008160 seconds 
========================================================================
Received Import Request.
  Time since last request: 0.000264 seconds.
  path: Assets/Materials/lock.png
  artifactKey: Guid(8714e2d47c8e4ca48adda165fee501f1) Importer(815301076,1909f56bfc062723c751e8b465ee728b)
Start importing Assets/Materials/lock.png using Guid(8714e2d47c8e4ca48adda165fee501f1) Importer(815301076,1909f56bfc062723c751e8b465ee728b)  -> (artifact id: '75aee13f48ff516d48ff4f0ea87054fe') in 0.017234 seconds 
========================================================================
Received Import Request.
  Time since last request: 0.000247 seconds.
  path: Assets/Materials/FS000_Day_06.png
  artifactKey: Guid(5dd1dab73acb80a4ca4a200b35ea95e2) Importer(815301076,1909f56bfc062723c751e8b465ee728b)
Start importing Assets/Materials/FS000_Day_06.png using Guid(5dd1dab73acb80a4ca4a200b35ea95e2) Importer(815301076,1909f56bfc062723c751e8b465ee728b)  -> (artifact id: 'cc6a0620f1be5d1f4b8273548588e4a8') in 0.050161 seconds 
========================================================================
Received Import Request.
  Time since last request: 0.000352 seconds.
  path: Assets/Prefabs/Tree.fbx
  artifactKey: Guid(69eaeb73f4a69224c8c2fab30153f07a) Importer(815301076,1909f56bfc062723c751e8b465ee728b)
Start importing Assets/Prefabs/Tree.fbx using Guid(69eaeb73f4a69224c8c2fab30153f07a) Importer(815301076,1909f56bfc062723c751e8b465ee728b)  -> (artifact id: '48916357eb8994c9626bd1df1d4f5c8d') in 0.210557 seconds 
========================================================================
Received Import Request.
  Time since last request: 0.000160 seconds.
  path: Assets/Prefabs/Ghost_White.prefab
  artifactKey: Guid(e3e8e33af43da834294d5f9a02da77e7) Importer(815301076,1909f56bfc062723c751e8b465ee728b)
Start importing Assets/Prefabs/Ghost_White.prefab using Guid(e3e8e33af43da834294d5f9a02da77e7) Importer(815301076,1909f56bfc062723c751e8b465ee728b)  -> (artifact id: 'ed3b3b8dd3276a795a9f9493f133934e') in 0.018151 seconds 
========================================================================
Received Import Request.
  Time since last request: 4.934600 seconds.
  path: Assets/Scenes/Scene_game.unity
  artifactKey: Guid(9fc0d4010bbf28b4594072e72b8655ab) Importer(815301076,1909f56bfc062723c751e8b465ee728b)
Start importing Assets/Scenes/Scene_game.unity using Guid(9fc0d4010bbf28b4594072e72b8655ab) Importer(815301076,1909f56bfc062723c751e8b465ee728b)  -> (artifact id: '677046292ec5a79cfd54b6e759af7757') in 0.006494 seconds 
AssetImportWorkerClient::OnTransportError - code=2 error=End of file
